Analysis & Synthesis report for playtone
Sat Mar 16 07:44:26 2024
Quartus II Version 9.1 Build 304 01/25/2010 Service Pack 1 SJ Web Edition


---------------------
; Table of Contents ;
---------------------
  1. Legal Notice
  2. Analysis & Synthesis Summary
  3. Analysis & Synthesis Settings
  4. Parallel Compilation
  5. Analysis & Synthesis Source Files Read
  6. Analysis & Synthesis Resource Usage Summary
  7. Analysis & Synthesis Resource Utilization by Entity
  8. Registers Removed During Synthesis
  9. Source assignments for lpm_add_sub:Add0|addcore:adder[0]
 10. Source assignments for lpm_add_sub:Add1|addcore:adder[2]
 11. Source assignments for lpm_add_sub:Add1|addcore:adder[1]
 12. Source assignments for lpm_add_sub:Add1|addcore:adder[0]
 13. Parameter Settings for User Entity Instance: Top-level Entity: |playtone
 14. Parameter Settings for Inferred Entity Instance: lpm_add_sub:Add0
 15. Parameter Settings for Inferred Entity Instance: lpm_add_sub:Add1
 16. Analysis & Synthesis Messages



----------------
; Legal Notice ;
----------------
Copyright (C) 1991-2010 Altera Corporation
Your use of Altera Corporation's design tools, logic functions 
and other software and tools, and its AMPP partner logic 
functions, and any output files from any of the foregoing 
(including device programming or simulation files), and any 
associated documentation or information are expressly subject 
to the terms and conditions of the Altera Program License 
Subscription Agreement, Altera MegaCore Function License 
Agreement, or other applicable license agreement, including, 
without limitation, that your use is for the sole purpose of 
programming logic devices manufactured by Altera and sold by 
Altera or its authorized distributors.  Please refer to the 
applicable agreement for further details.



+----------------------------------------------------------------------------+
; Analysis & Synthesis Summary                                               ;
+-----------------------------+----------------------------------------------+
; Analysis & Synthesis Status ; Successful - Sat Mar 16 07:44:26 2024        ;
; Quartus II Version          ; 9.1 Build 304 01/25/2010 SP 1 SJ Web Edition ;
; Revision Name               ; playtone                                     ;
; Top-level Entity Name       ; playtone                                     ;
; Family                      ; MAX3000A                                     ;
; Total macrocells            ; 64                                           ;
; Total pins                  ; 6                                            ;
+-----------------------------+----------------------------------------------+


+--------------------------------------------------------------------------------------------------------------+
; Analysis & Synthesis Settings                                                                                ;
+----------------------------------------------------------------------------+-----------------+---------------+
; Option                                                                     ; Setting         ; Default Value ;
+----------------------------------------------------------------------------+-----------------+---------------+
; Device                                                                     ; EPM3064ALC44-10 ;               ;
; Top-level entity name                                                      ; playtone        ; playtone      ;
; Family name                                                                ; MAX3000A        ; Stratix II    ;
; Use smart compilation                                                      ; On              ; Off           ;
; Use Generated Physical Constraints File                                    ; Off             ;               ;
; Enable parallel Assembler and TimeQuest Timing Analyzer during compilation ; On              ; On            ;
; Enable compact report table                                                ; Off             ; Off           ;
; Create Debugging Nodes for IP Cores                                        ; Off             ; Off           ;
; Preserve fewer node names                                                  ; On              ; On            ;
; Disable OpenCore Plus hardware evaluation                                  ; Off             ; Off           ;
; Verilog Version                                                            ; Verilog_2001    ; Verilog_2001  ;
; VHDL Version                                                               ; VHDL_1993       ; VHDL_1993     ;
; State Machine Processing                                                   ; Auto            ; Auto          ;
; Safe State Machine                                                         ; Off             ; Off           ;
; Extract Verilog State Machines                                             ; On              ; On            ;
; Extract VHDL State Machines                                                ; On              ; On            ;
; Ignore Verilog initial constructs                                          ; Off             ; Off           ;
; Iteration limit for constant Verilog loops                                 ; 5000            ; 5000          ;
; Iteration limit for non-constant Verilog loops                             ; 250             ; 250           ;
; Add Pass-Through Logic to Inferred RAMs                                    ; On              ; On            ;
; Parallel Synthesis                                                         ; On              ; On            ;
; NOT Gate Push-Back                                                         ; On              ; On            ;
; Power-Up Don't Care                                                        ; On              ; On            ;
; Remove Duplicate Registers                                                 ; On              ; On            ;
; Ignore CARRY Buffers                                                       ; Off             ; Off           ;
; Ignore CASCADE Buffers                                                     ; Off             ; Off           ;
; Ignore GLOBAL Buffers                                                      ; Off             ; Off           ;
; Ignore ROW GLOBAL Buffers                                                  ; Off             ; Off           ;
; Ignore LCELL Buffers                                                       ; Auto            ; Auto          ;
; Ignore SOFT Buffers                                                        ; Off             ; Off           ;
; Limit AHDL Integers to 32 Bits                                             ; Off             ; Off           ;
; Optimization Technique                                                     ; Speed           ; Speed         ;
; Allow XOR Gate Usage                                                       ; On              ; On            ;
; Auto Logic Cell Insertion                                                  ; On              ; On            ;
; Parallel Expander Chain Length                                             ; 4               ; 4             ;
; Auto Parallel Expanders                                                    ; On              ; On            ;
; Auto Open-Drain Pins                                                       ; On              ; On            ;
; Auto Resource Sharing                                                      ; Off             ; Off           ;
; Maximum Fan-in Per Macrocell                                               ; 100             ; 100           ;
; Use LogicLock Constraints during Resource Balancing                        ; On              ; On            ;
; Ignore translate_off and synthesis_off directives                          ; Off             ; Off           ;
; Show Parameter Settings Tables in Synthesis Report                         ; On              ; On            ;
; HDL message level                                                          ; Level2          ; Level2        ;
; Suppress Register Optimization Related Messages                            ; Off             ; Off           ;
; Number of Removed Registers Reported in Synthesis Report                   ; 5000            ; 5000          ;
; Number of Inverted Registers Reported in Synthesis Report                  ; 100             ; 100           ;
; Block Design Naming                                                        ; Auto            ; Auto          ;
; Synthesis Effort                                                           ; Auto            ; Auto          ;
; Shift Register Replacement - Allow Asynchronous Clear Signal               ; On              ; On            ;
; Analysis & Synthesis Message Level                                         ; Medium          ; Medium        ;
; Disable Register Merging Across Hierarchies                                ; Auto            ; Auto          ;
+----------------------------------------------------------------------------+-----------------+---------------+


Parallel compilation was disabled, but you have multiple processors available. Enable parallel compilation to reduce compilation time.
+-------------------------------------+
; Parallel Compilation                ;
+----------------------------+--------+
; Processors                 ; Number ;
+----------------------------+--------+
; Number detected on machine ; 4      ;
; Maximum allowed            ; 1      ;
+----------------------------+--------+


+-----------------------------------------------------------------------------------------------------------------------------------------------+
; Analysis & Synthesis Source Files Read                                                                                                        ;
+----------------------------------+-----------------+------------------------+-----------------------------------------------------------------+
; File Name with User-Entered Path ; Used in Netlist ; File Type              ; File Name with Absolute Path                                    ;
+----------------------------------+-----------------+------------------------+-----------------------------------------------------------------+
; playtone.v                       ; yes             ; User Verilog HDL File  ; C:/Users/Gary/OneDrive/орн▒/Verilog/PWM/playtone/playtone.v     ;
; lpm_add_sub.tdf                  ; yes             ; Megafunction           ; c:/altera/91sp1/quartus/libraries/megafunctions/lpm_add_sub.tdf ;
; addcore.tdf                      ; yes             ; Megafunction           ; c:/altera/91sp1/quartus/libraries/megafunctions/addcore.tdf     ;
; a_csnbuffer.tdf                  ; yes             ; Megafunction           ; c:/altera/91sp1/quartus/libraries/megafunctions/a_csnbuffer.tdf ;
; look_add.tdf                     ; yes             ; Megafunction           ; c:/altera/91sp1/quartus/libraries/megafunctions/look_add.tdf    ;
; altshift.tdf                     ; yes             ; Megafunction           ; c:/altera/91sp1/quartus/libraries/megafunctions/altshift.tdf    ;
+----------------------------------+-----------------+------------------------+-----------------------------------------------------------------+


+---------------------------------------------+
; Analysis & Synthesis Resource Usage Summary ;
+----------------------+----------------------+
; Resource             ; Usage                ;
+----------------------+----------------------+
; Logic cells          ; 64                   ;
; Total registers      ; 35                   ;
; I/O pins             ; 6                    ;
; Shareable expanders  ; 38                   ;
; Parallel expanders   ; 12                   ;
; Maximum fan-out node ; state_Type[2]        ;
; Maximum fan-out      ; 57                   ;
; Total fan-out        ; 1497                 ;
; Average fan-out      ; 13.86                ;
+----------------------+----------------------+


+-------------------------------------------------------------------------------------------------------------+
; Analysis & Synthesis Resource Utilization by Entity                                                         ;
+----------------------------+------------+------+---------------------------------------------+--------------+
; Compilation Hierarchy Node ; Macrocells ; Pins ; Full Hierarchy Name                         ; Library Name ;
+----------------------------+------------+------+---------------------------------------------+--------------+
; |playtone                  ; 64         ; 6    ; |playtone                                   ; work         ;
;    |lpm_add_sub:Add1|      ; 19         ; 0    ; |playtone|lpm_add_sub:Add1                  ; work         ;
;       |addcore:adder[0]|   ; 6          ; 0    ; |playtone|lpm_add_sub:Add1|addcore:adder[0] ; work         ;
;       |addcore:adder[1]|   ; 8          ; 0    ; |playtone|lpm_add_sub:Add1|addcore:adder[1] ; work         ;
;       |addcore:adder[2]|   ; 5          ; 0    ; |playtone|lpm_add_sub:Add1|addcore:adder[2] ; work         ;
+----------------------------+------------+------+---------------------------------------------+--------------+


+--------------------------------------------------------------------------------+
; Registers Removed During Synthesis                                             ;
+---------------------------------------+----------------------------------------+
; Register name                         ; Reason for Removal                     ;
+---------------------------------------+----------------------------------------+
; state_Type[8]                         ; Stuck at GND due to stuck port data_in ;
; Total Number of Removed Registers = 1 ;                                        ;
+---------------------------------------+----------------------------------------+


+----------------------------------------------------------+
; Source assignments for lpm_add_sub:Add0|addcore:adder[0] ;
+---------------------------+-------+------+---------------+
; Assignment                ; Value ; From ; To            ;
+---------------------------+-------+------+---------------+
; SUPPRESS_DA_RULE_INTERNAL ; A103  ; -    ; -             ;
+---------------------------+-------+------+---------------+


+----------------------------------------------------------+
; Source assignments for lpm_add_sub:Add1|addcore:adder[2] ;
+---------------------------+-------+------+---------------+
; Assignment                ; Value ; From ; To            ;
+---------------------------+-------+------+---------------+
; SUPPRESS_DA_RULE_INTERNAL ; A103  ; -    ; -             ;
+---------------------------+-------+------+---------------+


+----------------------------------------------------------+
; Source assignments for lpm_add_sub:Add1|addcore:adder[1] ;
+---------------------------+-------+------+---------------+
; Assignment                ; Value ; From ; To            ;
+---------------------------+-------+------+---------------+
; SUPPRESS_DA_RULE_INTERNAL ; A103  ; -    ; -             ;
+---------------------------+-------+------+---------------+


+----------------------------------------------------------+
; Source assignments for lpm_add_sub:Add1|addcore:adder[0] ;
+---------------------------+-------+------+---------------+
; Assignment                ; Value ; From ; To            ;
+---------------------------+-------+------+---------------+
; SUPPRESS_DA_RULE_INTERNAL ; A103  ; -    ; -             ;
+---------------------------+-------+------+---------------+


+--------------------------------------------------------------------------+
; Parameter Settings for User Entity Instance: Top-level Entity: |playtone ;
+----------------+---------+-----------------------------------------------+
; Parameter Name ; Value   ; Type                                          ;
+----------------+---------+-----------------------------------------------+
; time_clk       ; 4000000 ; Signed Integer                                ;
; speed          ; 0.5     ; Signed Float                                  ;
; delayTime      ; 0.2     ; Signed Float                                  ;
; length_Voice   ; 66      ; Signed Integer                                ;
+----------------+---------+-----------------------------------------------+
Note: In order to hide this table in the UI and the text report file, please set the "Show Parameter Settings Tables in Synthesis Report" option in "Analysis and Synthesis Settings -> More Settings" to "Off".


+-------------------------------------------------------------------+
; Parameter Settings for Inferred Entity Instance: lpm_add_sub:Add0 ;
+------------------------+-------------+----------------------------+
; Parameter Name         ; Value       ; Type                       ;
+------------------------+-------------+----------------------------+
; LPM_WIDTH              ; 8           ; Untyped                    ;
; LPM_REPRESENTATION     ; UNSIGNED    ; Untyped                    ;
; LPM_DIRECTION          ; ADD         ; Untyped                    ;
; ONE_INPUT_IS_CONSTANT  ; NO          ; Untyped                    ;
; LPM_PIPELINE           ; 0           ; Untyped                    ;
; MAXIMIZE_SPEED         ; 5           ; Untyped                    ;
; REGISTERED_AT_END      ; 0           ; Untyped                    ;
; OPTIMIZE_FOR_SPEED     ; 9           ; Untyped                    ;
; USE_CS_BUFFERS         ; 1           ; Untyped                    ;
; CARRY_CHAIN            ; MANUAL      ; Untyped                    ;
; CARRY_CHAIN_LENGTH     ; 48          ; CARRY_CHAIN_LENGTH         ;
; DEVICE_FAMILY          ; MAX3000A    ; Untyped                    ;
; USE_WYS                ; OFF         ; Untyped                    ;
; STYLE                  ; FAST        ; Untyped                    ;
; CBXI_PARAMETER         ; add_sub_n8h ; Untyped                    ;
; AUTO_CARRY_CHAINS      ; ON          ; AUTO_CARRY                 ;
; IGNORE_CARRY_BUFFERS   ; OFF         ; IGNORE_CARRY               ;
; AUTO_CASCADE_CHAINS    ; ON          ; AUTO_CASCADE               ;
; IGNORE_CASCADE_BUFFERS ; OFF         ; IGNORE_CASCADE             ;
+------------------------+-------------+----------------------------+
Note: In order to hide this table in the UI and the text report file, please set the "Show Parameter Settings Tables in Synthesis Report" option in "Analysis and Synthesis Settings -> More Settings" to "Off".


+-------------------------------------------------------------------+
; Parameter Settings for Inferred Entity Instance: lpm_add_sub:Add1 ;
+------------------------+-------------+----------------------------+
; Parameter Name         ; Value       ; Type                       ;
+------------------------+-------------+----------------------------+
; LPM_WIDTH              ; 22          ; Untyped                    ;
; LPM_REPRESENTATION     ; UNSIGNED    ; Untyped                    ;
; LPM_DIRECTION          ; ADD         ; Untyped                    ;
; ONE_INPUT_IS_CONSTANT  ; YES         ; Untyped                    ;
; LPM_PIPELINE           ; 0           ; Untyped                    ;
; MAXIMIZE_SPEED         ; 5           ; Untyped                    ;
; REGISTERED_AT_END      ; 0           ; Untyped                    ;
; OPTIMIZE_FOR_SPEED     ; 9           ; Untyped                    ;
; USE_CS_BUFFERS         ; 1           ; Untyped                    ;
; CARRY_CHAIN            ; MANUAL      ; Untyped                    ;
; CARRY_CHAIN_LENGTH     ; 48          ; CARRY_CHAIN_LENGTH         ;
; DEVICE_FAMILY          ; MAX3000A    ; Untyped                    ;
; USE_WYS                ; OFF         ; Untyped                    ;
; STYLE                  ; FAST        ; Untyped                    ;
; CBXI_PARAMETER         ; add_sub_ndh ; Untyped                    ;
; AUTO_CARRY_CHAINS      ; ON          ; AUTO_CARRY                 ;
; IGNORE_CARRY_BUFFERS   ; OFF         ; IGNORE_CARRY               ;
; AUTO_CASCADE_CHAINS    ; ON          ; AUTO_CASCADE               ;
; IGNORE_CASCADE_BUFFERS ; OFF         ; IGNORE_CASCADE             ;
+------------------------+-------------+----------------------------+
Note: In order to hide this table in the UI and the text report file, please set the "Show Parameter Settings Tables in Synthesis Report" option in "Analysis and Synthesis Settings -> More Settings" to "Off".


+-------------------------------+
; Analysis & Synthesis Messages ;
+-------------------------------+
Info: *******************************************************************
Info: Running Quartus II Analysis & Synthesis
    Info: Version 9.1 Build 304 01/25/2010 Service Pack 1 SJ Web Edition
    Info: Processing started: Sat Mar 16 07:44:20 2024
Info: Command: quartus_map --read_settings_files=on --write_settings_files=off playtone -c playtone
Info: Found 1 design units, including 1 entities, in source file pausebutton.v
    Info: Found entity 1: pauseButton
Info: Found 1 design units, including 1 entities, in source file playtone.v
    Info: Found entity 1: playtone
Info: Elaborating entity "playtone" for the top level hierarchy
Warning (10230): Verilog HDL assignment warning at playtone.v(419): truncated value with size 32 to match size of target (9)
Warning (10230): Verilog HDL assignment warning at playtone.v(426): truncated value with size 32 to match size of target (22)
Info: Inferred 2 megafunctions from design logic
    Info: Inferred adder/subtractor megafunction ("lpm_add_sub") from the following logic: "Add0"
    Info: Inferred adder/subtractor megafunction ("lpm_add_sub") from the following logic: "Add1"
Info: Elaborated megafunction instantiation "lpm_add_sub:Add0"
Info: Instantiated megafunction "lpm_add_sub:Add0" with the following parameter:
    Info: Parameter "LPM_WIDTH" = "8"
    Info: Parameter "LPM_DIRECTION" = "ADD"
    Info: Parameter "LPM_REPRESENTATION" = "UNSIGNED"
    Info: Parameter "ONE_INPUT_IS_CONSTANT" = "NO"
Info: Elaborated megafunction instantiation "lpm_add_sub:Add0|addcore:adder[0]", which is child of megafunction instantiation "lpm_add_sub:Add0"
Info: Elaborated megafunction instantiation "lpm_add_sub:Add0|addcore:adder[0]|a_csnbuffer:oflow_node", which is child of megafunction instantiation "lpm_add_sub:Add0"
Info: Elaborated megafunction instantiation "lpm_add_sub:Add0|addcore:adder[0]|a_csnbuffer:result_node", which is child of megafunction instantiation "lpm_add_sub:Add0"
Info: Elaborated megafunction instantiation "lpm_add_sub:Add0|look_add:look_ahead_unit", which is child of megafunction instantiation "lpm_add_sub:Add0"
Info: Elaborated megafunction instantiation "lpm_add_sub:Add0|altshift:result_ext_latency_ffs", which is child of megafunction instantiation "lpm_add_sub:Add0"
Info: Elaborated megafunction instantiation "lpm_add_sub:Add0|altshift:carry_ext_latency_ffs", which is child of megafunction instantiation "lpm_add_sub:Add0"
Info: Elaborated megafunction instantiation "lpm_add_sub:Add1"
Info: Instantiated megafunction "lpm_add_sub:Add1" with the following parameter:
    Info: Parameter "LPM_WIDTH" = "22"
    Info: Parameter "LPM_DIRECTION" = "ADD"
    Info: Parameter "LPM_REPRESENTATION" = "UNSIGNED"
    Info: Parameter "ONE_INPUT_IS_CONSTANT" = "YES"
Info: Elaborated megafunction instantiation "lpm_add_sub:Add1|addcore:adder[2]", which is child of megafunction instantiation "lpm_add_sub:Add1"
Info: Elaborated megafunction instantiation "lpm_add_sub:Add1|look_add:look_ahead_unit", which is child of megafunction instantiation "lpm_add_sub:Add1"
Info: Elaborated megafunction instantiation "lpm_add_sub:Add1|altshift:result_ext_latency_ffs", which is child of megafunction instantiation "lpm_add_sub:Add1"
Info: Ignored 8 buffer(s)
    Info: Ignored 8 SOFT buffer(s)
Info: Promoted pin-driven signal(s) to global signal
    Info: Promoted clock signal driven by pin "clk" to global clock signal
Info: Promoted pin-driven signal(s) to global signal
    Info: Promoted clock signal driven by pin "clk" to global clock signal
Info: Implemented 108 device resources after synthesis - the final resource count might be different
    Info: Implemented 1 input pins
    Info: Implemented 5 output pins
    Info: Implemented 64 macrocells
    Info: Implemented 38 shareable expanders
Info: Quartus II Analysis & Synthesis was successful. 0 errors, 2 warnings
    Info: Peak virtual memory: 226 megabytes
    Info: Processing ended: Sat Mar 16 07:44:26 2024
    Info: Elapsed time: 00:00:06
    Info: Total CPU time (on all processors): 00:00:06


