Flow report for playtone
Sat Mar 16 07:44:29 2024
Quartus II Version 9.1 Build 304 01/25/2010 Service Pack 1 SJ Web Edition


---------------------
; Table of Contents ;
---------------------
  1. Legal Notice
  2. Flow Summary
  3. Flow Settings
  4. Flow Non-Default Global Settings
  5. Flow Elapsed Time
  6. Flow OS Summary
  7. Flow Log



----------------
; Legal Notice ;
----------------
Copyright (C) 1991-2010 Altera Corporation
Your use of Altera Corporation's design tools, logic functions 
and other software and tools, and its AMPP partner logic 
functions, and any output files from any of the foregoing 
(including device programming or simulation files), and any 
associated documentation or information are expressly subject 
to the terms and conditions of the Altera Program License 
Subscription Agreement, Altera MegaCore Function License 
Agreement, or other applicable license agreement, including, 
without limitation, that your use is for the sole purpose of 
programming logic devices manufactured by Altera and sold by 
Altera or its authorized distributors.  Please refer to the 
applicable agreement for further details.



+------------------------------------------------------------------------+
; Flow Summary                                                           ;
+-------------------------+----------------------------------------------+
; Flow Status             ; Successful - Sat Mar 16 07:44:29 2024        ;
; Quartus II Version      ; 9.1 Build 304 01/25/2010 SP 1 SJ Web Edition ;
; Revision Name           ; playtone                                     ;
; Top-level Entity Name   ; playtone                                     ;
; Family                  ; MAX3000A                                     ;
; Device                  ; EPM3064ALC44-10                              ;
; Timing Models           ; Final                                        ;
; Met timing requirements ; Yes                                          ;
; Total macrocells        ; 64 / 64 ( 100 % )                            ;
; Total pins              ; 10 / 34 ( 29 % )                             ;
+-------------------------+----------------------------------------------+


+-----------------------------------------+
; Flow Settings                           ;
+-------------------+---------------------+
; Option            ; Setting             ;
+-------------------+---------------------+
; Start date & time ; 03/16/2024 07:44:21 ;
; Main task         ; Compilation         ;
; Revision Name     ; playtone            ;
+-------------------+---------------------+


+---------------------------------------------------------------------------------------------------------------------------------------------------+
; Flow Non-Default Global Settings                                                                                                                  ;
+------------------------------------+---------------------------------------------------------------+---------------+-------------+----------------+
; Assignment Name                    ; Value                                                         ; Default Value ; Entity Name ; Section Id     ;
+------------------------------------+---------------------------------------------------------------+---------------+-------------+----------------+
; COMPILER_SIGNATURE_ID              ; 39908817207469.171054626015804                                ; --            ; --          ; --             ;
; FITTER_EFFORT                      ; Standard Fit                                                  ; Auto Fit      ; --          ; --             ;
; MAX_CORE_JUNCTION_TEMP             ; 85                                                            ; --            ; --          ; --             ;
; MIN_CORE_JUNCTION_TEMP             ; 0                                                             ; --            ; --          ; --             ;
; MISC_FILE                          ; C:/Users/psplo/OneDrive/орн▒/0226/playtone/playtone.dpf       ; --            ; --          ; --             ;
; MISC_FILE                          ; C:/Users/Gary/Desktop/0226/playtone/playtone.dpf              ; --            ; --          ; --             ;
; MISC_FILE                          ; C:/Users/Gary/OneDrive/орн▒/0313/playtone/playtone.dpf        ; --            ; --          ; --             ;
; MISC_FILE                          ; C:/Users/Gary/Desktop/PWM/playtone/playtone.dpf               ; --            ; --          ; --             ;
; MISC_FILE                          ; C:/Users/Gary/OneDrive/орн▒/Verilog/PWM/playtone/playtone.dpf ; --            ; --          ; --             ;
; OPTIMIZE_HOLD_TIMING               ; Off                                                           ; --            ; --          ; --             ;
; SMART_RECOMPILE                    ; On                                                            ; Off           ; --          ; --             ;
; USE_GENERATED_PHYSICAL_CONSTRAINTS ; Off                                                           ; --            ; --          ; eda_blast_fpga ;
+------------------------------------+---------------------------------------------------------------+---------------+-------------+----------------+


+-----------------------------------------------------------------------------------------------------------------------------+
; Flow Elapsed Time                                                                                                           ;
+-------------------------+--------------+-------------------------+---------------------+------------------------------------+
; Module Name             ; Elapsed Time ; Average Processors Used ; Peak Virtual Memory ; Total CPU Time (on all processors) ;
+-------------------------+--------------+-------------------------+---------------------+------------------------------------+
; Analysis & Synthesis    ; 00:00:06     ; 1.0                     ; 226 MB              ; 00:00:06                           ;
; Fitter                  ; 00:00:00     ; 1.0                     ; 202 MB              ; 00:00:01                           ;
; Assembler               ; 00:00:00     ; 1.0                     ; 197 MB              ; 00:00:00                           ;
; Classic Timing Analyzer ; 00:00:00     ; 1.0                     ; 168 MB              ; 00:00:00                           ;
; Total                   ; 00:00:06     ; --                      ; --                  ; 00:00:07                           ;
+-------------------------+--------------+-------------------------+---------------------+------------------------------------+


+------------------------------------------------------------------------------------------+
; Flow OS Summary                                                                          ;
+-------------------------+------------------+---------------+------------+----------------+
; Module Name             ; Machine Hostname ; OS Name       ; OS Version ; Processor type ;
+-------------------------+------------------+---------------+------------+----------------+
; Analysis & Synthesis    ; DESKTOP-B7BFKUK  ; Windows Vista ; 6.2        ; x86_64         ;
; Fitter                  ; DESKTOP-B7BFKUK  ; Windows Vista ; 6.2        ; x86_64         ;
; Assembler               ; DESKTOP-B7BFKUK  ; Windows Vista ; 6.2        ; x86_64         ;
; Classic Timing Analyzer ; DESKTOP-B7BFKUK  ; Windows Vista ; 6.2        ; x86_64         ;
+-------------------------+------------------+---------------+------------+----------------+


------------
; Flow Log ;
------------
quartus_map --read_settings_files=on --write_settings_files=off playtone -c playtone
quartus_fit --read_settings_files=off --write_settings_files=off playtone -c playtone
quartus_asm --read_settings_files=off --write_settings_files=off playtone -c playtone
quartus_tan --read_settings_files=off --write_settings_files=off playtone -c playtone



